<?xml version="1.0" encoding="UTF-8"?>
<!-- Generated by org.testng.reporters.JUnitXMLReporter -->
<testsuite ignored="0" hostname="pc0629" failures="0" tests="6" name="Test" time="106.358" errors="0" timestamp="2022-05-04T18:19:54 IST">
  <testcase classname="hrDoorwayTestcase.HrDoorwat_Test_Case" name="page1" time="3.372"/>
  <testcase classname="hrDoorwayTestcase.HrDoorwat_Test_Case" name="page2" time="10.033"/>
  <testcase classname="hrDoorwayTestcase.HrDoorwat_Test_Case" name="page4" time="58.792"/>
  <testcase classname="hrDoorwayTestcase.HrDoorwat_Test_Case" name="page5" time="16.405"/>
  <testcase classname="hrDoorwayTestcase.HrDoorwat_Test_Case" name="page6" time="14.442"/>
  <testcase classname="hrDoorwayTestcase.HrDoorwat_Test_Case" name="page3" time="3.247"/>
</testsuite> <!-- Test -->
