<?xml version="1.0" encoding="UTF-8"?>
<testng-results ignored="0" total="6" passed="6" failed="0" skipped="0">
  <reporter-output>
  </reporter-output>
  <suite started-at="2022-05-04T18:18:08 IST" name="Suite" finished-at="2022-05-04T18:19:54 IST" duration-ms="106358">
    <groups>
    </groups>
    <test started-at="2022-05-04T18:18:08 IST" name="Test" finished-at="2022-05-04T18:19:54 IST" duration-ms="106358">
      <class name="hrDoorwayTestcase.HrDoorwat_Test_Case">
        <test-method is-config="true" signature="launchApp()[pri:0, instance:hrDoorwayTestcase.HrDoorwat_Test_Case@a38c7fe]" started-at="2022-05-04T18:18:00 IST" name="launchApp" finished-at="2022-05-04T18:18:08 IST" duration-ms="7704" status="PASS">
          <reporter-output>
          </reporter-output>
        </test-method> <!-- launchApp -->
        <test-method signature="page1()[pri:1, instance:hrDoorwayTestcase.HrDoorwat_Test_Case@a38c7fe]" started-at="2022-05-04T18:18:08 IST" name="page1" finished-at="2022-05-04T18:18:11 IST" duration-ms="3372" status="PASS">
          <reporter-output>
          </reporter-output>
        </test-method> <!-- page1 -->
        <test-method signature="page2()[pri:2, instance:hrDoorwayTestcase.HrDoorwat_Test_Case@a38c7fe]" started-at="2022-05-04T18:18:11 IST" name="page2" finished-at="2022-05-04T18:18:21 IST" duration-ms="10033" status="PASS">
          <reporter-output>
          </reporter-output>
        </test-method> <!-- page2 -->
        <test-method signature="page4()[pri:3, instance:hrDoorwayTestcase.HrDoorwat_Test_Case@a38c7fe]" started-at="2022-05-04T18:18:21 IST" name="page4" finished-at="2022-05-04T18:19:20 IST" duration-ms="58792" status="PASS">
          <reporter-output>
          </reporter-output>
        </test-method> <!-- page4 -->
        <test-method signature="page5()[pri:4, instance:hrDoorwayTestcase.HrDoorwat_Test_Case@a38c7fe]" started-at="2022-05-04T18:19:20 IST" name="page5" finished-at="2022-05-04T18:19:36 IST" duration-ms="16405" status="PASS">
          <reporter-output>
          </reporter-output>
        </test-method> <!-- page5 -->
        <test-method signature="page6()[pri:5, instance:hrDoorwayTestcase.HrDoorwat_Test_Case@a38c7fe]" started-at="2022-05-04T18:19:36 IST" name="page6" finished-at="2022-05-04T18:19:51 IST" duration-ms="14442" status="PASS">
          <reporter-output>
          </reporter-output>
        </test-method> <!-- page6 -->
        <test-method signature="page3()[pri:6, instance:hrDoorwayTestcase.HrDoorwat_Test_Case@a38c7fe]" started-at="2022-05-04T18:19:51 IST" name="page3" finished-at="2022-05-04T18:19:54 IST" duration-ms="3247" status="PASS">
          <reporter-output>
          </reporter-output>
        </test-method> <!-- page3 -->
        <test-method is-config="true" signature="closeApp()[pri:0, instance:hrDoorwayTestcase.HrDoorwat_Test_Case@a38c7fe]" started-at="2022-05-04T18:19:54 IST" name="closeApp" finished-at="2022-05-04T18:19:55 IST" duration-ms="332" status="PASS">
          <reporter-output>
          </reporter-output>
        </test-method> <!-- closeApp -->
      </class> <!-- hrDoorwayTestcase.HrDoorwat_Test_Case -->
    </test> <!-- Test -->
  </suite> <!-- Suite -->
</testng-results>
