<?xml version="1.0" encoding="UTF-8"?>
<testng-results ignored="0" total="6" passed="6" failed="0" skipped="0">
  <reporter-output>
  </reporter-output>
  <suite started-at="2022-05-05T11:53:09 IST" name="Suite" finished-at="2022-05-05T11:55:01 IST" duration-ms="112194">
    <groups>
    </groups>
    <test started-at="2022-05-05T11:53:09 IST" name="Test" finished-at="2022-05-05T11:55:01 IST" duration-ms="112194">
      <class name="hrDoorwayTestcase.HrDoorwat_Test_Case">
        <test-method is-config="true" signature="launchApp()[pri:0, instance:hrDoorwayTestcase.HrDoorwat_Test_Case@a38c7fe]" started-at="2022-05-05T11:53:02 IST" name="launchApp" finished-at="2022-05-05T11:53:09 IST" duration-ms="6660" status="PASS">
          <reporter-output>
          </reporter-output>
        </test-method> <!-- launchApp -->
        <test-method signature="page1()[pri:1, instance:hrDoorwayTestcase.HrDoorwat_Test_Case@a38c7fe]" started-at="2022-05-05T11:53:09 IST" name="page1" finished-at="2022-05-05T11:53:17 IST" duration-ms="7954" status="PASS">
          <reporter-output>
          </reporter-output>
        </test-method> <!-- page1 -->
        <test-method signature="page2()[pri:2, instance:hrDoorwayTestcase.HrDoorwat_Test_Case@a38c7fe]" started-at="2022-05-05T11:53:17 IST" name="page2" finished-at="2022-05-05T11:53:27 IST" duration-ms="10165" status="PASS">
          <reporter-output>
          </reporter-output>
        </test-method> <!-- page2 -->
        <test-method signature="page4()[pri:3, instance:hrDoorwayTestcase.HrDoorwat_Test_Case@a38c7fe]" started-at="2022-05-05T11:53:27 IST" name="page4" finished-at="2022-05-05T11:54:26 IST" duration-ms="59489" status="PASS">
          <reporter-output>
          </reporter-output>
        </test-method> <!-- page4 -->
        <test-method signature="page5()[pri:4, instance:hrDoorwayTestcase.HrDoorwat_Test_Case@a38c7fe]" started-at="2022-05-05T11:54:26 IST" name="page5" finished-at="2022-05-05T11:54:43 IST" duration-ms="16831" status="PASS">
          <reporter-output>
          </reporter-output>
        </test-method> <!-- page5 -->
        <test-method signature="page6()[pri:5, instance:hrDoorwayTestcase.HrDoorwat_Test_Case@a38c7fe]" started-at="2022-05-05T11:54:43 IST" name="page6" finished-at="2022-05-05T11:54:58 IST" duration-ms="14481" status="PASS">
          <reporter-output>
          </reporter-output>
        </test-method> <!-- page6 -->
        <test-method signature="page3()[pri:6, instance:hrDoorwayTestcase.HrDoorwat_Test_Case@a38c7fe]" started-at="2022-05-05T11:54:58 IST" name="page3" finished-at="2022-05-05T11:55:01 IST" duration-ms="3203" status="PASS">
          <reporter-output>
          </reporter-output>
        </test-method> <!-- page3 -->
        <test-method is-config="true" signature="closeApp()[pri:0, instance:hrDoorwayTestcase.HrDoorwat_Test_Case@a38c7fe]" started-at="2022-05-05T11:55:01 IST" name="closeApp" finished-at="2022-05-05T11:55:01 IST" duration-ms="325" status="PASS">
          <reporter-output>
          </reporter-output>
        </test-method> <!-- closeApp -->
      </class> <!-- hrDoorwayTestcase.HrDoorwat_Test_Case -->
    </test> <!-- Test -->
  </suite> <!-- Suite -->
</testng-results>
